  Mainingame.cpp
C:\Users\PC\OneDrive\Документы\DENIS\SFML_project1\SFML_project1\Mainingame.cpp(30,24): warning C4129: P: неизвестная escape-последовательность
C:\Users\PC\OneDrive\Документы\DENIS\SFML_project1\SFML_project1\Mainingame.cpp(30,24): warning C4129: O: неизвестная escape-последовательность
C:\Users\PC\OneDrive\Документы\DENIS\SFML_project1\SFML_project1\Mainingame.cpp(30,24): warning C4129: :
C:\Users\PC\OneDrive\Документы\DENIS\SFML_project1\SFML_project1\Mainingame.cpp(30,24): warning C4129: D: неизвестная escape-последовательность
C:\Users\PC\OneDrive\Документы\DENIS\SFML_project1\SFML_project1\Mainingame.cpp(30,24): warning C4129: S: неизвестная escape-последовательность
C:\Users\PC\OneDrive\Документы\DENIS\SFML_project1\SFML_project1\Mainingame.cpp(30,24): warning C4129: i: неизвестная escape-последовательность
C:\Users\PC\OneDrive\Документы\DENIS\SFML_project1\SFML_project1\Mainingame.cpp(69,90): warning C4244: аргумент: преобразование "T" в "T", возможна потеря данных
          with
          [
              T=float
          ]
          and
          [
              T=int
          ]
C:\Users\PC\OneDrive\Документы\DENIS\SFML_project1\SFML_project1\Mainingame.cpp(69,63): warning C4244: аргумент: преобразование "T" в "T", возможна потеря данных
          with
          [
              T=float
          ]
          and
          [
              T=int
          ]
C:\Users\PC\OneDrive\Документы\DENIS\SFML_project1\SFML_project1\Mainingame.cpp(85,23): warning C4244: инициализация: преобразование "sf::Int32" в "float", возможна потеря данных
C:\Users\PC\OneDrive\Документы\DENIS\SFML_project1\SFML_project1\Mainingame.cpp(93,23): warning C4244: аргумент: преобразование "double" в "float", возможна потеря данных
C:\Users\PC\OneDrive\Документы\DENIS\SFML_project1\SFML_project1\Mainingame.cpp(113,71): warning C4244: аргумент: преобразование "T" в "float", возможна потеря данных
          with
          [
              T=int
          ]
C:\Users\PC\OneDrive\Документы\DENIS\SFML_project1\SFML_project1\Mainingame.cpp(113,43): warning C4244: аргумент: преобразование "T" в "float", возможна потеря данных
          with
          [
              T=int
          ]
  SFML_project1.vcxproj -> C:\Users\PC\OneDrive\Документы\DENIS\SFML_project1\SFML_project1\x64\Debug\SFML_project1.exe
