  Building Custom Rule C:/Users/PC/OneDrive/Документы/DENIS/SFML-2.6.x/SFML-2.6.x/src/SFML/Audio/CMakeLists.txt
  ALCheck.cpp
  AlResource.cpp
  AudioDevice.cpp
  Listener.cpp
  Music.cpp
  Sound.cpp
  SoundBuffer.cpp
  SoundBufferRecorder.cpp
  InputSoundFile.cpp
  OutputSoundFile.cpp
  SoundRecorder.cpp
  SoundSource.cpp
  SoundStream.cpp
  SoundFileFactory.cpp
  SoundFileReaderFlac.cpp
  SoundFileReaderMp3.cpp
  SoundFileReaderOgg.cpp
  SoundFileReaderWav.cpp
  SoundFileWriterFlac.cpp
  SoundFileWriterOgg.cpp
  Создание кода...
  Компиляция...
  SoundFileWriterWav.cpp
  Создание кода...
     Создается библиотека C:/Users/PC/OneDrive/Документы/DENIS/SFML-cmake/lib/Release/sfml-audio.lib и объект C:/Users/PC/OneDrive/Документы/DENIS/SFML-cmake/lib/Release/sfml-audio.exp
  sfml-audio.vcxproj -> C:\Users\PC\OneDrive\Документы\DENIS\SFML-cmake\lib\Release\sfml-audio-2.dll
